Arguments: 
  C:\Program Files (x86)\nodejs\node.exe C:\Users\Mokafela\AppData\Roaming\npm\node_modules\yarn\bin\yarn.js add bootstrap

PATH: 
  E:\WorkProjects\panberes\node_modules\.bin;C:\WINDOWS\system32;C:\WINDOWS;C:\WINDOWS\System32\Wbem;C:\WINDOWS\System32\WindowsPowerShell\v1.0\;C:\WINDOWS\System32\OpenSSH\;C:\APPS\Git\cmd;C:\Program Files (x86)\nodejs\;C:\Users\Mokafela\AppData\Local\Microsoft\WindowsApps;;C:\APPS\Microsoft VS Code\bin;C:\Users\Mokafela\AppData\Roaming\npm

Yarn version: 
  1.22.10

Node version: 
  14.17.0

Platform: 
  win32 ia32

Trace: 
  Error: EPERM: operation not permitted, unlink 'E:\WorkProjects\panberes\node_modules\sharp\build\Release\libglib-2.0-0.dll'

npm manifest: 
  {
    "name": "panberes",
    "version": "1.0.0",
    "private": true,
    "description": "panberes",
    "author": "Mokafela",
    "keywords": [
      "gatsby"
    ],
    "scripts": {
      "develop": "gatsby develop",
      "start": "gatsby develop",
      "build": "gatsby build",
      "serve": "gatsby serve",
      "clean": "gatsby clean"
    },
    "dependencies": {
      "gatsby": "^3.8.1",
      "gatsby-plugin-manifest": "^3.8.0",
      "gatsby-plugin-sitemap": "^4.4.0",
      "react": "^17.0.1",
      "react-dom": "^17.0.1"
    }
  }

yarn manifest: 
  No manifest

Lockfile: 
  No lockfile
